<?xml version="1.0" encoding="UTF-8"?>
<testsuite xmlns:xsi="http://www.w3.org/2001/XMLSchema-instance" xsi:noNamespaceSchemaLocation="https://maven.apache.org/surefire/maven-surefire-plugin/xsd/surefire-test-report.xsd" name="com.bootcamp.demo.AppTest" time="0.144" tests="10" errors="0" skipped="0" failures="0">
  <properties>
[...]
</properties>
  <testcase name="testTimeout" classname="com.bootcamp.demo.AppTest" time="0.102"/>
  <testcase name="testSum{int, int, int}[1]" classname="com.bootcamp.demo.AppTest" time="0.006"/>
  <testcase name="testSum{int, int, int}[2]" classname="com.bootcamp.demo.AppTest" time="0"/>
  <testcase name="testSum{int, int, int}[3]" classname="com.bootcamp.demo.AppTest" time="0.001"/>
  <testcase name="testSubtract" classname="com.bootcamp.demo.AppTest" time="0"/>
  <testcase name="testArray" classname="com.bootcamp.demo.AppTest" time="0"/>
  <testcase name="testThrow" classname="com.bootcamp.demo.AppTest" time="0"/>
  <testcase name="testCombine" classname="com.bootcamp.demo.AppTest" time="0"/>
  <testcase name="testAssert" classname="com.bootcamp.demo.AppTest" time="0.001"/>
  <testcase name="testAssertAll" classname="com.bootcamp.demo.AppTest" time="0.001"/>
</testsuite>